<?xml version="1.0" encoding="UTF-8"?>
<!-- Generated by org.testng.reporters.JUnitReportReporter -->
<testsuite hostname="nadsoft-H81M-Gaming-3" name="programs.ScreenShot" tests="1" failures="0" timestamp="18 Jan 2017 13:27:40 GMT" time="5.670" errors="0">
  <testcase name="testScripts" time="5.670" classname="programs.ScreenShot"/>
</testsuite> <!-- programs.ScreenShot -->
